<?xml version="1.0" encoding="UTF-8"?>
<testng-results ignored="0" total="1" passed="1" failed="0" skipped="0">
  <reporter-output>
  </reporter-output>
  <suite started-at="2026-01-01T18:37:29 IST" name="Default suite" finished-at="2026-01-01T18:37:50 IST" duration-ms="20979">
    <groups>
    </groups>
    <test started-at="2026-01-01T18:37:29 IST" name="Default test" finished-at="2026-01-01T18:37:50 IST" duration-ms="20979">
      <class name="testcases.BrowserTest">
        <test-method signature="openBrowserTest()[pri:0, instance:testcases.BrowserTest@34a3d150]" started-at="2026-01-01T18:37:29 IST" name="openBrowserTest" finished-at="2026-01-01T18:37:50 IST" duration-ms="20910" status="PASS">
          <reporter-output>
          </reporter-output>
        </test-method> <!-- openBrowserTest -->
      </class> <!-- testcases.BrowserTest -->
    </test> <!-- Default test -->
  </suite> <!-- Default suite -->
</testng-results>
